<<<<<<< HEAD
[02-Sep-2025 18:03:32 UTC] PHP Warning:  Undefined array key "REQUEST_METHOD" in C:\xampp1\htdocs\woodashpro\wp-includes\template-loader.php on line 26
=======
[31-Aug-2025 11:33:09 UTC] PHP Notice:  Function wp_enqueue_script was called <strong>incorrectly</strong>. Scripts and styles should not be registered or enqueued until the <code>wp_enqueue_scripts</code>, <code>admin_enqueue_scripts</code>, or <code>login_enqueue_scripts</code> hooks. This notice was triggered by the <code>chartjs</code> handle. Please see <a href="https://developer.wordpress.org/advanced-administration/debug/debug-wordpress/">Debugging in WordPress</a> for more information. (This message was added in version 3.3.0.) in C:\xampp1\htdocs\woodashpro\wp-includes\functions.php on line 6121
[31-Aug-2025 11:33:17 UTC] PHP Notice:  Function wp_enqueue_script was called <strong>incorrectly</strong>. Scripts and styles should not be registered or enqueued until the <code>wp_enqueue_scripts</code>, <code>admin_enqueue_scripts</code>, or <code>login_enqueue_scripts</code> hooks. This notice was triggered by the <code>chartjs</code> handle. Please see <a href="https://developer.wordpress.org/advanced-administration/debug/debug-wordpress/">Debugging in WordPress</a> for more information. (This message was added in version 3.3.0.) in C:\xampp1\htdocs\woodashpro\wp-includes\functions.php on line 6121
[31-Aug-2025 11:33:39 UTC] PHP Notice:  Function wp_enqueue_script was called <strong>incorrectly</strong>. Scripts and styles should not be registered or enqueued until the <code>wp_enqueue_scripts</code>, <code>admin_enqueue_scripts</code>, or <code>login_enqueue_scripts</code> hooks. This notice was triggered by the <code>chartjs</code> handle. Please see <a href="https://developer.wordpress.org/advanced-administration/debug/debug-wordpress/">Debugging in WordPress</a> for more information. (This message was added in version 3.3.0.) in C:\xampp1\htdocs\woodashpro\wp-includes\functions.php on line 6121
[31-Aug-2025 11:33:41 UTC] PHP Notice:  Function wp_enqueue_script was called <strong>incorrectly</strong>. Scripts and styles should not be registered or enqueued until the <code>wp_enqueue_scripts</code>, <code>admin_enqueue_scripts</code>, or <code>login_enqueue_scripts</code> hooks. This notice was triggered by the <code>chartjs</code> handle. Please see <a href="https://developer.wordpress.org/advanced-administration/debug/debug-wordpress/">Debugging in WordPress</a> for more information. (This message was added in version 3.3.0.) in C:\xampp1\htdocs\woodashpro\wp-includes\functions.php on line 6121
[31-Aug-2025 11:33:47 UTC] PHP Notice:  Function wp_enqueue_script was called <strong>incorrectly</strong>. Scripts and styles should not be registered or enqueued until the <code>wp_enqueue_scripts</code>, <code>admin_enqueue_scripts</code>, or <code>login_enqueue_scripts</code> hooks. This notice was triggered by the <code>chartjs</code> handle. Please see <a href="https://developer.wordpress.org/advanced-administration/debug/debug-wordpress/">Debugging in WordPress</a> for more information. (This message was added in version 3.3.0.) in C:\xampp1\htdocs\woodashpro\wp-includes\functions.php on line 6121
[31-Aug-2025 11:34:48 UTC] PHP Notice:  Function wp_enqueue_script was called <strong>incorrectly</strong>. Scripts and styles should not be registered or enqueued until the <code>wp_enqueue_scripts</code>, <code>admin_enqueue_scripts</code>, or <code>login_enqueue_scripts</code> hooks. This notice was triggered by the <code>chartjs</code> handle. Please see <a href="https://developer.wordpress.org/advanced-administration/debug/debug-wordpress/">Debugging in WordPress</a> for more information. (This message was added in version 3.3.0.) in C:\xampp1\htdocs\woodashpro\wp-includes\functions.php on line 6121
[31-Aug-2025 11:34:50 UTC] PHP Notice:  Function wp_enqueue_script was called <strong>incorrectly</strong>. Scripts and styles should not be registered or enqueued until the <code>wp_enqueue_scripts</code>, <code>admin_enqueue_scripts</code>, or <code>login_enqueue_scripts</code> hooks. This notice was triggered by the <code>chartjs</code> handle. Please see <a href="https://developer.wordpress.org/advanced-administration/debug/debug-wordpress/">Debugging in WordPress</a> for more information. (This message was added in version 3.3.0.) in C:\xampp1\htdocs\woodashpro\wp-includes\functions.php on line 6121
[31-Aug-2025 11:36:49 UTC] PHP Notice:  Function wp_enqueue_script was called <strong>incorrectly</strong>. Scripts and styles should not be registered or enqueued until the <code>wp_enqueue_scripts</code>, <code>admin_enqueue_scripts</code>, or <code>login_enqueue_scripts</code> hooks. This notice was triggered by the <code>chartjs</code> handle. Please see <a href="https://developer.wordpress.org/advanced-administration/debug/debug-wordpress/">Debugging in WordPress</a> for more information. (This message was added in version 3.3.0.) in C:\xampp1\htdocs\woodashpro\wp-includes\functions.php on line 6121
[31-Aug-2025 11:36:52 UTC] PHP Notice:  Function wp_enqueue_script was called <strong>incorrectly</strong>. Scripts and styles should not be registered or enqueued until the <code>wp_enqueue_scripts</code>, <code>admin_enqueue_scripts</code>, or <code>login_enqueue_scripts</code> hooks. This notice was triggered by the <code>chartjs</code> handle. Please see <a href="https://developer.wordpress.org/advanced-administration/debug/debug-wordpress/">Debugging in WordPress</a> for more information. (This message was added in version 3.3.0.) in C:\xampp1\htdocs\woodashpro\wp-includes\functions.php on line 6121
[31-Aug-2025 11:45:22 UTC] Automatic updates starting...
[31-Aug-2025 11:45:23 UTC]   Automatic plugin updates starting...
[31-Aug-2025 11:45:23 UTC]   Automatic plugin updates complete.
[31-Aug-2025 11:45:23 UTC] Automatic updates complete.
[31-Aug-2025 11:55:56 UTC] PHP Notice:  Function wp_enqueue_script was called <strong>incorrectly</strong>. Scripts and styles should not be registered or enqueued until the <code>wp_enqueue_scripts</code>, <code>admin_enqueue_scripts</code>, or <code>login_enqueue_scripts</code> hooks. This notice was triggered by the <code>chartjs</code> handle. Please see <a href="https://developer.wordpress.org/advanced-administration/debug/debug-wordpress/">Debugging in WordPress</a> for more information. (This message was added in version 3.3.0.) in C:\xampp1\htdocs\woodashpro\wp-includes\functions.php on line 6121
[31-Aug-2025 11:55:58 UTC] PHP Fatal error:  Uncaught TypeError: call_user_func_array(): Argument #1 ($callback) must be a valid callback, class WoodashPro does not have a method "force_hide_sidebar_styles" in C:\xampp1\htdocs\woodashpro\wp-includes\class-wp-hook.php:324
Stack trace:
#0 C:\xampp1\htdocs\woodashpro\wp-includes\class-wp-hook.php(348): WP_Hook->apply_filters(NULL, Array)
#1 C:\xampp1\htdocs\woodashpro\wp-includes\plugin.php(517): WP_Hook->do_action(Array)
#2 C:\xampp1\htdocs\woodashpro\wp-admin\admin-header.php(137): do_action('admin_print_sty...')
#3 C:\xampp1\htdocs\woodashpro\wp-admin\plugins.php(637): require_once('C:\\xampp1\\htdoc...')
#4 {main}
  thrown in C:\xampp1\htdocs\woodashpro\wp-includes\class-wp-hook.php on line 324
[31-Aug-2025 11:55:58 UTC] PHP Notice:  Function wp_enqueue_script was called <strong>incorrectly</strong>. Scripts and styles should not be registered or enqueued until the <code>wp_enqueue_scripts</code>, <code>admin_enqueue_scripts</code>, or <code>login_enqueue_scripts</code> hooks. This notice was triggered by the <code>chartjs</code> handle. Please see <a href="https://developer.wordpress.org/advanced-administration/debug/debug-wordpress/">Debugging in WordPress</a> for more information. (This message was added in version 3.3.0.) in C:\xampp1\htdocs\woodashpro\wp-includes\functions.php on line 6121
[31-Aug-2025 11:56:23 UTC] PHP Notice:  Function wp_enqueue_script was called <strong>incorrectly</strong>. Scripts and styles should not be registered or enqueued until the <code>wp_enqueue_scripts</code>, <code>admin_enqueue_scripts</code>, or <code>login_enqueue_scripts</code> hooks. This notice was triggered by the <code>chartjs</code> handle. Please see <a href="https://developer.wordpress.org/advanced-administration/debug/debug-wordpress/">Debugging in WordPress</a> for more information. (This message was added in version 3.3.0.) in C:\xampp1\htdocs\woodashpro\wp-includes\functions.php on line 6121
[31-Aug-2025 11:56:31 UTC] PHP Notice:  Function wp_enqueue_script was called <strong>incorrectly</strong>. Scripts and styles should not be registered or enqueued until the <code>wp_enqueue_scripts</code>, <code>admin_enqueue_scripts</code>, or <code>login_enqueue_scripts</code> hooks. This notice was triggered by the <code>chartjs</code> handle. Please see <a href="https://developer.wordpress.org/advanced-administration/debug/debug-wordpress/">Debugging in WordPress</a> for more information. (This message was added in version 3.3.0.) in C:\xampp1\htdocs\woodashpro\wp-includes\functions.php on line 6121
[31-Aug-2025 11:56:32 UTC] PHP Fatal error:  Uncaught TypeError: call_user_func_array(): Argument #1 ($callback) must be a valid callback, class WoodashPro does not have a method "force_hide_sidebar_styles" in C:\xampp1\htdocs\woodashpro\wp-includes\class-wp-hook.php:324
Stack trace:
#0 C:\xampp1\htdocs\woodashpro\wp-includes\class-wp-hook.php(348): WP_Hook->apply_filters(NULL, Array)
#1 C:\xampp1\htdocs\woodashpro\wp-includes\plugin.php(517): WP_Hook->do_action(Array)
#2 C:\xampp1\htdocs\woodashpro\wp-admin\admin-header.php(137): do_action('admin_print_sty...')
#3 C:\xampp1\htdocs\woodashpro\wp-admin\plugins.php(637): require_once('C:\\xampp1\\htdoc...')
#4 {main}
  thrown in C:\xampp1\htdocs\woodashpro\wp-includes\class-wp-hook.php on line 324
[31-Aug-2025 11:56:37 UTC] PHP Notice:  Function wp_enqueue_script was called <strong>incorrectly</strong>. Scripts and styles should not be registered or enqueued until the <code>wp_enqueue_scripts</code>, <code>admin_enqueue_scripts</code>, or <code>login_enqueue_scripts</code> hooks. This notice was triggered by the <code>chartjs</code> handle. Please see <a href="https://developer.wordpress.org/advanced-administration/debug/debug-wordpress/">Debugging in WordPress</a> for more information. (This message was added in version 3.3.0.) in C:\xampp1\htdocs\woodashpro\wp-includes\functions.php on line 6121
[31-Aug-2025 11:56:40 UTC] PHP Fatal error:  Uncaught TypeError: call_user_func_array(): Argument #1 ($callback) must be a valid callback, class WoodashPro does not have a method "force_hide_sidebar_styles" in C:\xampp1\htdocs\woodashpro\wp-includes\class-wp-hook.php:324
Stack trace:
#0 C:\xampp1\htdocs\woodashpro\wp-includes\class-wp-hook.php(348): WP_Hook->apply_filters(NULL, Array)
#1 C:\xampp1\htdocs\woodashpro\wp-includes\plugin.php(517): WP_Hook->do_action(Array)
#2 C:\xampp1\htdocs\woodashpro\wp-admin\admin-header.php(137): do_action('admin_print_sty...')
#3 C:\xampp1\htdocs\woodashpro\wp-admin\update.php(132): require_once('C:\\xampp1\\htdoc...')
#4 {main}
  thrown in C:\xampp1\htdocs\woodashpro\wp-includes\class-wp-hook.php on line 324
[31-Aug-2025 11:57:54 UTC] PHP Notice:  Function wp_enqueue_script was called <strong>incorrectly</strong>. Scripts and styles should not be registered or enqueued until the <code>wp_enqueue_scripts</code>, <code>admin_enqueue_scripts</code>, or <code>login_enqueue_scripts</code> hooks. This notice was triggered by the <code>chartjs</code> handle. Please see <a href="https://developer.wordpress.org/advanced-administration/debug/debug-wordpress/">Debugging in WordPress</a> for more information. (This message was added in version 3.3.0.) in C:\xampp1\htdocs\woodashpro\wp-includes\functions.php on line 6121
[31-Aug-2025 11:58:01 UTC] PHP Notice:  Function wp_enqueue_script was called <strong>incorrectly</strong>. Scripts and styles should not be registered or enqueued until the <code>wp_enqueue_scripts</code>, <code>admin_enqueue_scripts</code>, or <code>login_enqueue_scripts</code> hooks. This notice was triggered by the <code>chartjs</code> handle. Please see <a href="https://developer.wordpress.org/advanced-administration/debug/debug-wordpress/">Debugging in WordPress</a> for more information. (This message was added in version 3.3.0.) in C:\xampp1\htdocs\woodashpro\wp-includes\functions.php on line 6121
[31-Aug-2025 11:58:01 UTC] PHP Fatal error:  Uncaught TypeError: call_user_func_array(): Argument #1 ($callback) must be a valid callback, class WoodashPro does not have a method "force_hide_sidebar_styles" in C:\xampp1\htdocs\woodashpro\wp-includes\class-wp-hook.php:324
Stack trace:
#0 C:\xampp1\htdocs\woodashpro\wp-includes\class-wp-hook.php(348): WP_Hook->apply_filters(NULL, Array)
#1 C:\xampp1\htdocs\woodashpro\wp-includes\plugin.php(517): WP_Hook->do_action(Array)
#2 C:\xampp1\htdocs\woodashpro\wp-admin\admin-header.php(137): do_action('admin_print_sty...')
#3 C:\xampp1\htdocs\woodashpro\wp-admin\plugin-install.php(136): require_once('C:\\xampp1\\htdoc...')
#4 {main}
  thrown in C:\xampp1\htdocs\woodashpro\wp-includes\class-wp-hook.php on line 324
[31-Aug-2025 12:06:30 UTC] PHP Fatal error:  Uncaught Error: Class "WoodashPro" not found in C:\xampp1\htdocs\woodashpro\wp-content\plugins\WoodDash Pro\woodash-pro.php:36
Stack trace:
#0 C:\xampp1\htdocs\woodashpro\wp-settings.php(545): include_once()
#1 C:\xampp1\htdocs\woodashpro\wp-config.php(104): require_once('C:\\xampp1\\htdoc...')
#2 C:\xampp1\htdocs\woodashpro\wp-load.php(50): require_once('C:\\xampp1\\htdoc...')
#3 C:\xampp1\htdocs\woodashpro\test_activation.php(2): require_once('C:\\xampp1\\htdoc...')
#4 {main}
  thrown in C:\xampp1\htdocs\woodashpro\wp-content\plugins\WoodDash Pro\woodash-pro.php on line 36
[31-Aug-2025 12:49:30 UTC] PHP Fatal error:  Uncaught Error: Call to undefined function woodash_get_out_of_stock_count() in C:\xampp1\htdocs\woodashpro\wp-content\plugins\WoodDash Pro\includes\data-endpoints.php:847
Stack trace:
#0 C:\xampp1\htdocs\woodashpro\wp-includes\class-wp-hook.php(324): woodash_get_product_stats('')
#1 C:\xampp1\htdocs\woodashpro\wp-includes\class-wp-hook.php(348): WP_Hook->apply_filters('', Array)
#2 C:\xampp1\htdocs\woodashpro\wp-includes\plugin.php(517): WP_Hook->do_action(Array)
#3 C:\xampp1\htdocs\woodashpro\wp-admin\admin-ajax.php(192): do_action('wp_ajax_woodash...')
#4 {main}
  thrown in C:\xampp1\htdocs\woodashpro\wp-content\plugins\WoodDash Pro\includes\data-endpoints.php on line 847
[31-Aug-2025 12:50:47 UTC] PHP Fatal error:  Uncaught TypeError: call_user_func_array(): Argument #1 ($callback) must be a valid callback, function "woodash_get_sales_report" not found or invalid function name in C:\xampp1\htdocs\woodashpro\wp-includes\class-wp-hook.php:324
Stack trace:
#0 C:\xampp1\htdocs\woodashpro\wp-includes\class-wp-hook.php(348): WP_Hook->apply_filters('', Array)
#1 C:\xampp1\htdocs\woodashpro\wp-includes\plugin.php(517): WP_Hook->do_action(Array)
#2 C:\xampp1\htdocs\woodashpro\wp-admin\admin-ajax.php(192): do_action('wp_ajax_woodash...')
#3 {main}
  thrown in C:\xampp1\htdocs\woodashpro\wp-includes\class-wp-hook.php on line 324
[31-Aug-2025 12:50:49 UTC] PHP Fatal error:  Uncaught TypeError: call_user_func_array(): Argument #1 ($callback) must be a valid callback, function "woodash_get_product_report" not found or invalid function name in C:\xampp1\htdocs\woodashpro\wp-includes\class-wp-hook.php:324
Stack trace:
#0 C:\xampp1\htdocs\woodashpro\wp-includes\class-wp-hook.php(348): WP_Hook->apply_filters('', Array)
#1 C:\xampp1\htdocs\woodashpro\wp-includes\plugin.php(517): WP_Hook->do_action(Array)
#2 C:\xampp1\htdocs\woodashpro\wp-admin\admin-ajax.php(192): do_action('wp_ajax_woodash...')
#3 {main}
  thrown in C:\xampp1\htdocs\woodashpro\wp-includes\class-wp-hook.php on line 324
[31-Aug-2025 12:50:53 UTC] PHP Fatal error:  Uncaught TypeError: call_user_func_array(): Argument #1 ($callback) must be a valid callback, function "woodash_get_customer_report" not found or invalid function name in C:\xampp1\htdocs\woodashpro\wp-includes\class-wp-hook.php:324
Stack trace:
#0 C:\xampp1\htdocs\woodashpro\wp-includes\class-wp-hook.php(348): WP_Hook->apply_filters('', Array)
#1 C:\xampp1\htdocs\woodashpro\wp-includes\plugin.php(517): WP_Hook->do_action(Array)
#2 C:\xampp1\htdocs\woodashpro\wp-admin\admin-ajax.php(192): do_action('wp_ajax_woodash...')
#3 {main}
  thrown in C:\xampp1\htdocs\woodashpro\wp-includes\class-wp-hook.php on line 324
[31-Aug-2025 12:59:39 UTC] PHP Fatal error:  Uncaught TypeError: call_user_func_array(): Argument #1 ($callback) must be a valid callback, function "woodash_get_sales_report" not found or invalid function name in C:\xampp1\htdocs\woodashpro\wp-includes\class-wp-hook.php:324
Stack trace:
#0 C:\xampp1\htdocs\woodashpro\wp-includes\class-wp-hook.php(348): WP_Hook->apply_filters('', Array)
#1 C:\xampp1\htdocs\woodashpro\wp-includes\plugin.php(517): WP_Hook->do_action(Array)
#2 C:\xampp1\htdocs\woodashpro\wp-admin\admin-ajax.php(192): do_action('wp_ajax_woodash...')
#3 {main}
  thrown in C:\xampp1\htdocs\woodashpro\wp-includes\class-wp-hook.php on line 324
[31-Aug-2025 12:59:41 UTC] PHP Fatal error:  Uncaught TypeError: call_user_func_array(): Argument #1 ($callback) must be a valid callback, function "woodash_get_product_report" not found or invalid function name in C:\xampp1\htdocs\woodashpro\wp-includes\class-wp-hook.php:324
Stack trace:
#0 C:\xampp1\htdocs\woodashpro\wp-includes\class-wp-hook.php(348): WP_Hook->apply_filters('', Array)
#1 C:\xampp1\htdocs\woodashpro\wp-includes\plugin.php(517): WP_Hook->do_action(Array)
#2 C:\xampp1\htdocs\woodashpro\wp-admin\admin-ajax.php(192): do_action('wp_ajax_woodash...')
#3 {main}
  thrown in C:\xampp1\htdocs\woodashpro\wp-includes\class-wp-hook.php on line 324
[31-Aug-2025 12:59:44 UTC] PHP Fatal error:  Uncaught TypeError: call_user_func_array(): Argument #1 ($callback) must be a valid callback, function "woodash_get_customer_report" not found or invalid function name in C:\xampp1\htdocs\woodashpro\wp-includes\class-wp-hook.php:324
Stack trace:
#0 C:\xampp1\htdocs\woodashpro\wp-includes\class-wp-hook.php(348): WP_Hook->apply_filters('', Array)
#1 C:\xampp1\htdocs\woodashpro\wp-includes\plugin.php(517): WP_Hook->do_action(Array)
#2 C:\xampp1\htdocs\woodashpro\wp-admin\admin-ajax.php(192): do_action('wp_ajax_woodash...')
#3 {main}
  thrown in C:\xampp1\htdocs\woodashpro\wp-includes\class-wp-hook.php on line 324
[31-Aug-2025 13:07:01 UTC] PHP Fatal error:  Uncaught TypeError: call_user_func_array(): Argument #1 ($callback) must be a valid callback, function "woodash_get_sales_report" not found or invalid function name in C:\xampp1\htdocs\woodashpro\wp-includes\class-wp-hook.php:324
Stack trace:
#0 C:\xampp1\htdocs\woodashpro\wp-includes\class-wp-hook.php(348): WP_Hook->apply_filters('', Array)
#1 C:\xampp1\htdocs\woodashpro\wp-includes\plugin.php(517): WP_Hook->do_action(Array)
#2 C:\xampp1\htdocs\woodashpro\wp-admin\admin-ajax.php(192): do_action('wp_ajax_woodash...')
#3 {main}
  thrown in C:\xampp1\htdocs\woodashpro\wp-includes\class-wp-hook.php on line 324
[31-Aug-2025 13:07:05 UTC] PHP Fatal error:  Uncaught TypeError: call_user_func_array(): Argument #1 ($callback) must be a valid callback, function "woodash_get_product_report" not found or invalid function name in C:\xampp1\htdocs\woodashpro\wp-includes\class-wp-hook.php:324
Stack trace:
#0 C:\xampp1\htdocs\woodashpro\wp-includes\class-wp-hook.php(348): WP_Hook->apply_filters('', Array)
#1 C:\xampp1\htdocs\woodashpro\wp-includes\plugin.php(517): WP_Hook->do_action(Array)
#2 C:\xampp1\htdocs\woodashpro\wp-admin\admin-ajax.php(192): do_action('wp_ajax_woodash...')
#3 {main}
  thrown in C:\xampp1\htdocs\woodashpro\wp-includes\class-wp-hook.php on line 324
[31-Aug-2025 13:07:17 UTC] PHP Fatal error:  Uncaught Error: Call to undefined function woodash_get_out_of_stock_count() in C:\xampp1\htdocs\woodashpro\wp-content\plugins\WoodDash Pro\includes\data-endpoints.php:847
Stack trace:
#0 C:\xampp1\htdocs\woodashpro\wp-includes\class-wp-hook.php(324): woodash_get_product_stats('')
#1 C:\xampp1\htdocs\woodashpro\wp-includes\class-wp-hook.php(348): WP_Hook->apply_filters('', Array)
#2 C:\xampp1\htdocs\woodashpro\wp-includes\plugin.php(517): WP_Hook->do_action(Array)
#3 C:\xampp1\htdocs\woodashpro\wp-admin\admin-ajax.php(192): do_action('wp_ajax_woodash...')
#4 {main}
  thrown in C:\xampp1\htdocs\woodashpro\wp-content\plugins\WoodDash Pro\includes\data-endpoints.php on line 847
[31-Aug-2025 13:12:50 UTC] PHP Parse error:  Unmatched '}' in C:\xampp1\htdocs\woodashpro\wp-content\plugins\WoodDash Pro\includes\data-endpoints.php on line 139
[31-Aug-2025 13:13:44 UTC] PHP Parse error:  Unmatched '}' in C:\xampp1\htdocs\woodashpro\wp-content\plugins\WoodDash Pro\includes\data-endpoints.php on line 139
[31-Aug-2025 13:13:52 UTC] PHP Parse error:  Unmatched '}' in C:\xampp1\htdocs\woodashpro\wp-content\plugins\WoodDash Pro\includes\data-endpoints.php on line 139
[31-Aug-2025 13:13:56 UTC] PHP Parse error:  Unmatched '}' in C:\xampp1\htdocs\woodashpro\wp-content\plugins\WoodDash Pro\includes\data-endpoints.php on line 139
[31-Aug-2025 13:14:00 UTC] PHP Parse error:  Unmatched '}' in C:\xampp1\htdocs\woodashpro\wp-content\plugins\WoodDash Pro\includes\data-endpoints.php on line 139
[31-Aug-2025 13:14:04 UTC] PHP Parse error:  Unmatched '}' in C:\xampp1\htdocs\woodashpro\wp-content\plugins\WoodDash Pro\includes\data-endpoints.php on line 139
[31-Aug-2025 13:14:07 UTC] PHP Parse error:  Unmatched '}' in C:\xampp1\htdocs\woodashpro\wp-content\plugins\WoodDash Pro\includes\data-endpoints.php on line 139
[31-Aug-2025 13:14:10 UTC] PHP Parse error:  Unmatched '}' in C:\xampp1\htdocs\woodashpro\wp-content\plugins\WoodDash Pro\includes\data-endpoints.php on line 139
[31-Aug-2025 13:14:13 UTC] PHP Parse error:  Unmatched '}' in C:\xampp1\htdocs\woodashpro\wp-content\plugins\WoodDash Pro\includes\data-endpoints.php on line 139
[31-Aug-2025 13:14:51 UTC] PHP Parse error:  Unmatched '}' in C:\xampp1\htdocs\woodashpro\wp-content\plugins\WoodDash Pro\includes\data-endpoints.php on line 139
[31-Aug-2025 13:15:39 UTC] PHP Fatal error:  Uncaught Error: Call to undefined function woodash_get_out_of_stock_count() in C:\xampp1\htdocs\woodashpro\wp-content\plugins\WoodDash Pro\includes\data-endpoints.php:847
Stack trace:
#0 C:\xampp1\htdocs\woodashpro\wp-includes\class-wp-hook.php(324): woodash_get_product_stats('')
#1 C:\xampp1\htdocs\woodashpro\wp-includes\class-wp-hook.php(348): WP_Hook->apply_filters('', Array)
#2 C:\xampp1\htdocs\woodashpro\wp-includes\plugin.php(517): WP_Hook->do_action(Array)
#3 C:\xampp1\htdocs\woodashpro\wp-admin\admin-ajax.php(192): do_action('wp_ajax_woodash...')
#4 {main}
  thrown in C:\xampp1\htdocs\woodashpro\wp-content\plugins\WoodDash Pro\includes\data-endpoints.php on line 847
>>>>>>> 58eec9f3c331400d525ba90d34acb9ea4e383c30
